3/1/2015 1:06:11 PM	This log contains information about the import schema operation into project 'DB-OrderManagement' on computer 'SOHY-PC' by user 'SOHY'.
3/1/2015 1:06:11 PM	Import of database schema has started.
3/1/2015 1:06:17 PM	Gathering database options
3/1/2015 1:06:17 PM	Gathering users
3/1/2015 1:06:17 PM	Gathering roles
3/1/2015 1:06:17 PM	Gathering application roles
3/1/2015 1:06:17 PM	Gathering role memberships
3/1/2015 1:06:17 PM	Gathering filegroups
3/1/2015 1:06:17 PM	Gathering full-text catalogs
3/1/2015 1:06:17 PM	Gathering assemblies
3/1/2015 1:06:17 PM	Gathering certificates
3/1/2015 1:06:17 PM	Gathering asymmetric keys
3/1/2015 1:06:17 PM	Gathering symmetric keys
3/1/2015 1:06:17 PM	Gathering encrypted symmetric keys
3/1/2015 1:06:17 PM	Gathering schemas
3/1/2015 1:06:17 PM	Gathering XML schema collections
3/1/2015 1:06:17 PM	Gathering user-defined data types
3/1/2015 1:06:17 PM	Gathering user-defined types
3/1/2015 1:06:17 PM	Gathering table types
3/1/2015 1:06:17 PM	Gathering unique keys for table types
3/1/2015 1:06:17 PM	Gathering primary keys for table types
3/1/2015 1:06:17 PM	Gathering check constraints for table types
3/1/2015 1:06:17 PM	Gathering default constraints for table types
3/1/2015 1:06:17 PM	Gathering partition functions
3/1/2015 1:06:17 PM	Gathering partition schemes
3/1/2015 1:06:17 PM	Gathering functions
3/1/2015 1:06:17 PM	Gathering encrypted functions
3/1/2015 1:06:17 PM	Gathering aggregates
3/1/2015 1:06:17 PM	Gathering procedures
3/1/2015 1:06:17 PM	Gathering encrypted procedures
3/1/2015 1:06:17 PM	Gathering tables
3/1/2015 1:06:17 PM	Gathering primary keys
3/1/2015 1:06:17 PM	Gathering unique constraints
3/1/2015 1:06:17 PM	Gathering foreign keys
3/1/2015 1:06:17 PM	Gathering default constraints
3/1/2015 1:06:17 PM	Gathering check constraints
3/1/2015 1:06:17 PM	Gathering views
3/1/2015 1:06:17 PM	Gathering encrypted views
3/1/2015 1:06:17 PM	Gathering indexes
3/1/2015 1:06:17 PM	Gathering statistics
3/1/2015 1:06:17 PM	Gathering full-text index stoplists
3/1/2015 1:06:17 PM	Gathering full-text indexes
3/1/2015 1:06:17 PM	Gathering spatial indexes
3/1/2015 1:06:17 PM	Gathering XML indexes
3/1/2015 1:06:17 PM	Gathering encrypted triggers
3/1/2015 1:06:17 PM	Gathering triggers
3/1/2015 1:06:17 PM	Gathering encrypted and clr ddl triggers
3/1/2015 1:06:17 PM	Gathering ddl triggers
3/1/2015 1:06:17 PM	Gathering synonyms
3/1/2015 1:06:17 PM	Gathering defaults
3/1/2015 1:06:17 PM	Gathering data constraint uddt bindings
3/1/2015 1:06:17 PM	Gathering rules
3/1/2015 1:06:17 PM	Gathering data constraint uddt bindings
3/1/2015 1:06:17 PM	Gathering message types
3/1/2015 1:06:17 PM	Gathering queues
3/1/2015 1:06:17 PM	Gathering contracts
3/1/2015 1:06:17 PM	Gathering services
3/1/2015 1:06:17 PM	Gathering event notifications
3/1/2015 1:06:17 PM	Gathering remote service bindings
3/1/2015 1:06:17 PM	Gathering broker priorities
3/1/2015 1:06:17 PM	Gathering signatures
3/1/2015 1:06:17 PM	Gathering data compression options
3/1/2015 1:06:17 PM	Gathering extended properties
3/1/2015 1:06:17 PM	Gathering credentials
3/1/2015 1:06:17 PM	Gathering logins
3/1/2015 1:06:17 PM	Gathering server audits
3/1/2015 1:06:18 PM	Scanning project for duplicate elements
3/1/2015 1:06:18 PM	Finished duplicate element processing
3/1/2015 1:06:19 PM	Finished importing database.
3/1/2015 1:06:19 PM	A summary of the import was saved to the following location: C:\Users\SOHY\Desktop\Sales-Solution\DB-OrderManagement\Import Schema Logs\DB-OrderManagement_20150301060611.log
3/1/2015 1:06:19 PM	Click Finish to continue...
